[debug] [2025-03-13T17:40:45.444Z] ----------------------------------------------------------------------
[debug] [2025-03-13T17:40:45.450Z] Command:       C:\Program Files\nodejs\node.exe C:\Users\codyh\AppData\Roaming\npm\node_modules\firebase-tools\lib\bin\firebase.js init
[debug] [2025-03-13T17:40:45.451Z] CLI Version:   13.34.0
[debug] [2025-03-13T17:40:45.451Z] Platform:      win32
[debug] [2025-03-13T17:40:45.451Z] Node Version:  v22.11.0
[debug] [2025-03-13T17:40:45.452Z] Time:          Thu Mar 13 2025 13:40:45 GMT-0400 (Eastern Daylight Time)
[debug] [2025-03-13T17:40:45.452Z] ----------------------------------------------------------------------
[debug] 
[debug] [2025-03-13T17:40:45.458Z] >>> [apiv2][query] GET https://firebase-public.firebaseio.com/cli.json [none]
[debug] [2025-03-13T17:40:45.553Z] > command requires scopes: ["email","openid","https://www.googleapis.com/auth/cloudplatformprojects.readonly","https://www.googleapis.com/auth/firebase","https://www.googleapis.com/auth/cloud-platform"]
[debug] [2025-03-13T17:40:45.553Z] > authorizing via signed-in user (codyhanna8@gmail.com)
[info] 
     ######## #### ########  ######## ########     ###     ######  ########
     ##        ##  ##     ## ##       ##     ##  ##   ##  ##       ##
     ######    ##  ########  ######   ########  #########  ######  ######
     ##        ##  ##    ##  ##       ##     ## ##     ##       ## ##
     ##       #### ##     ## ######## ########  ##     ##  ######  ########

You're about to initialize a Firebase project in this directory:

  C:\My Stuff\Coding\InternshipApp\internship-hub

Before we get started, keep in mind:

  * You are currently outside your home directory

[debug] [2025-03-13T17:40:45.801Z] <<< [apiv2][status] GET https://firebase-public.firebaseio.com/cli.json 200
[debug] [2025-03-13T17:40:45.802Z] <<< [apiv2][body] GET https://firebase-public.firebaseio.com/cli.json {"cloudBuildErrorAfter":1594252800000,"cloudBuildWarnAfter":1590019200000,"defaultNode10After":1594252800000,"minVersion":"3.0.5","node8DeploysDisabledAfter":1613390400000,"node8RuntimeDisabledAfter":1615809600000,"node8WarnAfter":1600128000000}
[info] 
=== Project Setup
[info] 
[info] First, let's associate this project directory with a Firebase project.
[info] You can create multiple project aliases by running firebase use --add, 
[info] but for now we'll just set up a default project.
[info] 
[debug] [2025-03-13T17:41:58.067Z] Checked if tokens are valid: false, expires at: 1732931683128
[debug] [2025-03-13T17:41:58.068Z] Checked if tokens are valid: false, expires at: 1732931683128
[debug] [2025-03-13T17:41:58.068Z] > refreshing access token with scopes: []
[debug] [2025-03-13T17:41:58.071Z] >>> [apiv2][query] POST https://www.googleapis.com/oauth2/v3/token [none]
[debug] [2025-03-13T17:41:58.071Z] >>> [apiv2][body] POST https://www.googleapis.com/oauth2/v3/token [omitted]
[debug] [2025-03-13T17:41:58.310Z] <<< [apiv2][status] POST https://www.googleapis.com/oauth2/v3/token 200
[debug] [2025-03-13T17:41:58.310Z] <<< [apiv2][body] POST https://www.googleapis.com/oauth2/v3/token [omitted]
[debug] [2025-03-13T17:41:58.329Z] >>> [apiv2][query] GET https://firebase.googleapis.com/v1beta1/projects pageSize=100
[debug] [2025-03-13T17:41:58.978Z] <<< [apiv2][status] GET https://firebase.googleapis.com/v1beta1/projects 200
[debug] [2025-03-13T17:41:58.978Z] <<< [apiv2][body] GET https://firebase.googleapis.com/v1beta1/projects [omitted]
[info] i  Using project internship-hub-su (Internship Hub) 
[info] 
=== Firestore Setup
[debug] [2025-03-13T17:42:01.944Z] Checked if tokens are valid: true, expires at: 1741891317310
[debug] [2025-03-13T17:42:01.944Z] Checked if tokens are valid: true, expires at: 1741891317310
[debug] [2025-03-13T17:42:01.945Z] >>> [apiv2][query] GET https://serviceusage.googleapis.com/v1/projects/internship-hub-su/services/firestore.googleapis.com [none]
[debug] [2025-03-13T17:42:01.945Z] >>> [apiv2][(partial)header] GET https://serviceusage.googleapis.com/v1/projects/internship-hub-su/services/firestore.googleapis.com x-goog-quota-user=projects/internship-hub-su
[debug] [2025-03-13T17:42:02.496Z] <<< [apiv2][status] GET https://serviceusage.googleapis.com/v1/projects/internship-hub-su/services/firestore.googleapis.com 200
[debug] [2025-03-13T17:42:02.496Z] <<< [apiv2][body] GET https://serviceusage.googleapis.com/v1/projects/internship-hub-su/services/firestore.googleapis.com [omitted]
[debug] [2025-03-13T17:42:02.497Z] Checked if tokens are valid: true, expires at: 1741891317310
[debug] [2025-03-13T17:42:02.497Z] Checked if tokens are valid: true, expires at: 1741891317310
[debug] [2025-03-13T17:42:02.497Z] >>> [apiv2][query] GET https://firestore.googleapis.com/v1/projects/internship-hub-su/databases/(default) [none]
[debug] [2025-03-13T17:42:02.902Z] <<< [apiv2][status] GET https://firestore.googleapis.com/v1/projects/internship-hub-su/databases/(default) 200
[debug] [2025-03-13T17:42:02.902Z] <<< [apiv2][body] GET https://firestore.googleapis.com/v1/projects/internship-hub-su/databases/(default) {"name":"projects/internship-hub-su/databases/(default)","uid":"6494a984-1fe1-4e4c-8dc8-fdc2c30f721c","createTime":"2025-03-06T22:24:41.512558Z","updateTime":"2025-03-06T22:24:41.512558Z","locationId":"nam5","type":"FIRESTORE_NATIVE","concurrencyMode":"PESSIMISTIC","versionRetentionPeriod":"3600s","earliestVersionTime":"2025-03-13T16:42:03.238239Z","appEngineIntegrationMode":"DISABLED","keyPrefix":"s","pointInTimeRecoveryEnablement":"POINT_IN_TIME_RECOVERY_DISABLED","deleteProtectionState":"DELETE_PROTECTION_DISABLED","databaseEdition":"STANDARD","etag":"IIzg7bfNh4wDMMGJnc3B9osD"}
[debug] [2025-03-13T17:42:02.902Z] database_type: FIRESTORE_NATIVE
[debug] [2025-03-13T17:42:02.902Z] database_type: FIRESTORE_NATIVE
[debug] [2025-03-13T17:42:02.903Z] > command requires scopes: ["email","openid","https://www.googleapis.com/auth/cloudplatformprojects.readonly","https://www.googleapis.com/auth/firebase","https://www.googleapis.com/auth/cloud-platform"]
[debug] [2025-03-13T17:42:02.903Z] > authorizing via signed-in user (codyhanna8@gmail.com)
[debug] [2025-03-13T17:42:02.903Z] [iam] checking project internship-hub-su for permissions ["firebase.projects.get"]
[debug] [2025-03-13T17:42:02.904Z] Checked if tokens are valid: true, expires at: 1741891317310
[debug] [2025-03-13T17:42:02.904Z] Checked if tokens are valid: true, expires at: 1741891317310
[debug] [2025-03-13T17:42:02.904Z] >>> [apiv2][query] POST https://cloudresourcemanager.googleapis.com/v1/projects/internship-hub-su:testIamPermissions [none]
[debug] [2025-03-13T17:42:02.904Z] >>> [apiv2][(partial)header] POST https://cloudresourcemanager.googleapis.com/v1/projects/internship-hub-su:testIamPermissions x-goog-quota-user=projects/internship-hub-su
[debug] [2025-03-13T17:42:02.904Z] >>> [apiv2][body] POST https://cloudresourcemanager.googleapis.com/v1/projects/internship-hub-su:testIamPermissions {"permissions":["firebase.projects.get"]}
[debug] [2025-03-13T17:42:03.312Z] <<< [apiv2][status] POST https://cloudresourcemanager.googleapis.com/v1/projects/internship-hub-su:testIamPermissions 200
[debug] [2025-03-13T17:42:03.312Z] <<< [apiv2][body] POST https://cloudresourcemanager.googleapis.com/v1/projects/internship-hub-su:testIamPermissions {"permissions":["firebase.projects.get"]}
[info] 
[info] Firestore Security Rules allow you to define how and when to allow
[info] requests. You can keep these rules in your project directory
[info] and publish them with firebase deploy.
[info] 
